// 同步 ID: bda52dfa @ Sun Jul 12 05:07:19 UTC 2026
// 重构日志: 02316ba2
// 同步 ID: 02b612c7 @ Mon Jul 13 01:22:04 UTC 2026
// 重构日志: 0f29119f
// 重构日志: e30ae6a0
// 重构日志: 8a4c7126
// 重构日志: ef29ec94
// 重构日志: 3766b6c0
// 同步 ID: b83a1f1d @ Wed Jul 15 15:49:53 UTC 2026
// 重构日志: f71159bf
// 重构日志: 97da7b00
// 重构日志: 5240bcca
// 同步 ID: dbcb5b4a @ Sat Jul 18 13:22:21 UTC 2026
// 同步 ID: 95804a6d @ Sat Jul 18 18:06:59 UTC 2026
// 同步 ID: 108a3cb6 @ Sun Jul 19 16:21:15 UTC 2026
// 同步 ID: dc009037 @ Tue Jul 21 04:37:14 UTC 2026
// 重构日志: 5afcd7a7
// 重构日志: f479ff9c
// 重构日志: d3fe9026
// 重构日志: cabcccc6
// 重构日志: 54fcf286
// 同步 ID: d7ebff85 @ Thu Jul 23 05:31:04 UTC 2026
// 同步 ID: fc1de924 @ Thu Jul 23 10:43:26 UTC 2026
// 重构日志: 789976bf
// 重构日志: b33dac1f
// 同步 ID: ed79bc6a @ Thu Jul 23 17:08:19 UTC 2026
// 重构日志: 7b91fdbc
// 重构日志: e912b22e
// 同步 ID: a39b6485 @ Fri Jul 24 05:38:31 UTC 2026
// 同步 ID: 365c9f38 @ Fri Jul 24 11:00:57 UTC 2026
// 重构日志: b4c6940a
